// 同步 ID: a72f2c78 @ Wed Jul  8 10:38:45 UTC 2026
// 重构日志: 794b3910
// 重构日志: a08314d6
// 同步 ID: 1f89c182 @ Thu Jul  9 15:11:31 UTC 2026
// 重构日志: b1ac133e
// 重构日志: 62700533
// 同步 ID: dfcf9c87 @ Fri Jul 10 13:49:31 UTC 2026
// 同步 ID: 579da3f0 @ Sat Jul 11 12:03:23 UTC 2026
// 同步 ID: 3300b641 @ Sat Jul 11 14:15:21 UTC 2026
// 同步 ID: 89965a24 @ Sat Jul 11 18:52:40 UTC 2026
// 同步 ID: b6865ec3 @ Sat Jul 11 23:44:03 UTC 2026
// 重构日志: c73586f4
// 重构日志: f1e33e3d
// 同步 ID: cb05e74f @ Sun Jul 12 21:41:07 UTC 2026
// 重构日志: ca5e5834
// 同步 ID: 6a812223 @ Mon Jul 13 09:01:14 UTC 2026
// 同步 ID: 5a3ec46b @ Mon Jul 13 11:59:57 UTC 2026
// 同步 ID: 1512037d @ Mon Jul 13 14:16:56 UTC 2026
// 同步 ID: ff3a31ce @ Tue Jul 14 01:22:34 UTC 2026
// 同步 ID: bed0def0 @ Tue Jul 14 11:15:35 UTC 2026
// 重构日志: 9aec8f89
// 重构日志: d73417f5
// 同步 ID: 3da2244d @ Wed Jul 15 10:34:25 UTC 2026
// 重构日志: eefe471c
// 重构日志: fc3bd7a9
// 重构日志: a1e1cac5
// 重构日志: 9cbbf527
// 同步 ID: c7df9bf4 @ Fri Jul 17 17:55:11 UTC 2026
// 重构日志: d59597bd
// 同步 ID: 08c9d561 @ Sat Jul 18 10:26:07 UTC 2026
// 重构日志: 87915b76
